Log file open, 09/19/18 14:12:30
LogWindows: Failed to load 'aqProf.dll' (GetLastError=126)
LogWindows: File 'aqProf.dll' does not exist
LogWindows: Failed to load 'VSPerf140.dll' (GetLastError=126)
LogWindows: File 'VSPerf140.dll' does not exist
LogWindows: Failed to load 'VtuneApi.dll' (GetLastError=126)
LogWindows: File 'VtuneApi.dll' does not exist
LogWindows: Failed to load 'VtuneApi32e.dll' (GetLastError=126)
LogWindows: File 'VtuneApi32e.dll' does not exist
LogInit: Display: Running engine for game: RunGame
LogPlatformFile: Not using cached read wrapper
LogTaskGraph: Started task graph with 5 named threads and 14 total threads with 3 sets of task threads.
LogStats: Stats thread started at 0.218463
LogD3D11RHI: Loaded GFSDK_Aftermath_Lib.x64.dll
LogICUInternationalization: Display: ICU TimeZone Detection - Raw Offset: +1:00, Platform Override: ''
LogPluginManager: Mounting plugin Paper2D
LogPluginManager: Mounting plugin AISupport
LogPluginManager: Mounting plugin LightPropagationVolume
LogPluginManager: Mounting plugin CLionSourceCodeAccess
LogPluginManager: Mounting plugin CodeLiteSourceCodeAccess
LogPluginManager: Mounting plugin GitSourceControl
LogPluginManager: Mounting plugin KDevelopSourceCodeAccess
LogPluginManager: Mounting plugin NullSourceCodeAccess
LogPluginManager: Mounting plugin PerforceSourceControl
LogPluginManager: Mounting plugin SubversionSourceControl
LogPluginManager: Mounting plugin UObjectPlugin
LogPluginManager: Mounting plugin VisualStudioCodeSourceCodeAccess
LogPluginManager: Mounting plugin VisualStudioSourceCodeAccess
LogPluginManager: Mounting plugin XCodeSourceCodeAccess
LogPluginManager: Mounting plugin AssetManagerEditor
LogPluginManager: Mounting plugin CryptoKeys
LogPluginManager: Mounting plugin DataValidation
LogPluginManager: Mounting plugin FacialAnimation
LogPluginManager: Mounting plugin GameplayTagsEditor
LogPluginManager: Mounting plugin MacGraphicsSwitching
LogPluginManager: Mounting plugin MeshEditor
LogPluginManager: Mounting plugin MobileLauncherProfileWizard
LogPluginManager: Mounting plugin PluginBrowser
LogPluginManager: Mounting plugin SpeedTreeImporter
LogPluginManager: Mounting plugin DatasmithContent
LogPluginManager: Mounting plugin AlembicImporter
LogPluginManager: Mounting plugin AppleImageUtils
LogPluginManager: Mounting plugin AppleVision
LogPluginManager: Mounting plugin BackChannel
LogPluginManager: Mounting plugin CharacterAI
LogPluginManager: Mounting plugin GeometryCache
LogPluginManager: Mounting plugin HTML5Networking
LogPluginManager: Mounting plugin ProxyLODPlugin
LogPluginManager: Mounting plugin MagicLeap
LogPluginManager: Mounting plugin MagicLeapEmulator
LogPluginManager: Mounting plugin MagicLeapMedia
LogPluginManager: Mounting plugin AndroidMedia
LogPluginManager: Mounting plugin AvfMedia
LogPluginManager: Mounting plugin ImgMedia
LogPluginManager: Mounting plugin LinearTimecode
LogPluginManager: Mounting plugin MediaCompositing
LogPluginManager: Mounting plugin MediaPlayerEditor
LogPluginManager: Mounting plugin WmfMedia
LogPluginManager: Mounting plugin TcpMessaging
LogPluginManager: Mounting plugin UdpMessaging
LogPluginManager: Mounting plugin ActorSequence
LogPluginManager: Mounting plugin LevelSequenceEditor
LogPluginManager: Mounting plugin MatineeToLevelSequence
LogPluginManager: Mounting plugin NetcodeUnitTest
LogPluginManager: Mounting plugin NUTUnrealEngine4
LogPluginManager: Mounting plugin OnlineSubsystemGooglePlay
LogPluginManager: Mounting plugin OnlineSubsystemIOS
LogPluginManager: Mounting plugin OnlineSubsystem
LogPluginManager: Mounting plugin OnlineSubsystemNull
LogPluginManager: Mounting plugin OnlineSubsystemUtils
LogPluginManager: Mounting plugin LauncherChunkInstaller
LogPluginManager: Mounting plugin AndroidDeviceProfileSelector
LogPluginManager: Mounting plugin AndroidMoviePlayer
LogPluginManager: Mounting plugin AndroidPermission
LogPluginManager: Mounting plugin AppleMoviePlayer
LogPluginManager: Mounting plugin ArchVisCharacter
LogPluginManager: Mounting plugin AudioCapture
LogPluginManager: Mounting plugin CableComponent
LogPluginManager: Mounting plugin CustomMeshComponent
LogPluginManager: Mounting plugin EditableMesh
LogPluginManager: Mounting plugin ExampleDeviceProfileSelector
LogPluginManager: Mounting plugin GoogleCloudMessaging
LogPluginManager: Mounting plugin ImmediatePhysics
LogPluginManager: Mounting plugin IOSDeviceProfileSelector
LogPluginManager: Mounting plugin LinuxDeviceProfileSelector
LogPluginManager: Mounting plugin LocationServicesBPLibrary
LogPluginManager: Mounting plugin MobilePatchingUtils
LogPluginManager: Mounting plugin OculusVR
LogPluginManager: Plugin shader directory ../../../Engine/Plugins/Runtime/Oculus/OculusVR/Shaders found
LogPluginManager: Mapping shader source directory ../../../Engine/Plugins/Runtime/Oculus/OculusVR/Shaders to virtual directory /Plugin/OculusVR
LogPluginManager: Mounting plugin PhysXVehicles
LogPluginManager: Mounting plugin ProceduralMeshComponent
LogPluginManager: Mounting plugin RuntimePhysXCooking
LogPluginManager: Mounting plugin SteamVR
LogPluginManager: Mounting plugin WindowsMoviePlayer
LogStreaming: Display: Took  0.102s to configure plugins.
LogInit: Using libcurl 7.55.1-DEV
LogInit:  - built for x86_64-pc-win32
LogInit:  - supports SSL with OpenSSL/1.0.2h
LogInit:  - supports HTTP deflate (compression) using libz 1.2.8
LogInit:  - other features:
LogInit:      CURL_VERSION_SSL
LogInit:      CURL_VERSION_LIBZ
LogInit:      CURL_VERSION_IPV6
LogInit:      CURL_VERSION_ASYNCHDNS
LogInit:      CURL_VERSION_LARGEFILE
LogInit:      CURL_VERSION_IDN
LogInit:  CurlRequestOptions (configurable via config and command line):
LogInit:  - bVerifyPeer = false  - Libcurl will NOT verify peer certificate
LogInit:  - bUseHttpProxy = false  - Libcurl will NOT use HTTP proxy
LogInit:  - bDontReuseConnections = false  - Libcurl will reuse connections
LogInit:  - CertBundlePath = nullptr  - Libcurl will use whatever was configured at build time.
LogInit:  - MaxHostConnections = 16  - Libcurl will limit the number of connections to a host
LogInit:  - LocalHostAddr = Default
LogInit:  - BufferSize = 65536
LogModuleManager: Warning: ModuleManager: Unable to load module 'OnlineSubsystemSteam'  - 0 instances of that module name found.
LogInit: WinSock: version 1.1 (2.2), MaxSocks=32767, MaxUdp=65467
LogInit: Build: ++UE4+Release-4.20-CL-4233996
LogInit: Engine Version: 4.20.1-4233996+++UE4+Release-4.20
LogInit: Compatible Engine Version: 4.20.0-4212847+++UE4+Release-4.20
LogInit: Net CL: 4212847
LogInit: OS: Windows 10 (), CPU: Intel(R) Core(TM) i5-7300HQ CPU @ 2.50GHz, GPU: Intel(R) HD Graphics 630
LogInit: Compiled (64-bit): Jul 26 2018 10:07:30
LogInit: Compiled with Visual C++: 19.13.26129.00
LogInit: Build Configuration: Development
LogInit: Branch Name: ++UE4+Release-4.20
LogInit: Command Line:  
LogInit: Base Directory: D:/Epic/Epic Games/UE_4.20/Engine/Binaries/Win64/
LogInit: Installed Engine Build: 1
LogDevObjectVersion: Number of dev versions registered: 20
LogDevObjectVersion:   Dev-Blueprints (B0D832E4-1F89-4F0D-ACCF-7EB736FD4AA2): 10
LogDevObjectVersion:   Dev-Build (E1C64328-A22C-4D53-A36C-8E866417BD8C): 0
LogDevObjectVersion:   Dev-Core (375EC13C-06E4-48FB-B500-84F0262A717E): 2
LogDevObjectVersion:   Dev-Editor (E4B068ED-F494-42E9-A231-DA0B2E46BB41): 24
LogDevObjectVersion:   Dev-Framework (CFFC743F-43B0-4480-9391-14DF171D2073): 34
LogDevObjectVersion:   Dev-Mobile (B02B49B5-BB20-44E9-A304-32B752E40360): 2
LogDevObjectVersion:   Dev-Networking (A4E4105C-59A1-49B5-A7C5-40C4547EDFEE): 0
LogDevObjectVersion:   Dev-Online (39C831C9-5AE6-47DC-9A44-9C173E1C8E7C): 0
LogDevObjectVersion:   Dev-Physics (78F01B33-EBEA-4F98-B9B4-84EACCB95AA2): 0
LogDevObjectVersion:   Dev-Platform (6631380F-2D4D-43E0-8009-CF276956A95A): 0
LogDevObjectVersion:   Dev-Rendering (12F88B9F-8875-4AFC-A67C-D90C383ABD29): 26
LogDevObjectVersion:   Dev-Sequencer (7B5AE74C-D270-4C10-A958-57980B212A5A): 9
LogDevObjectVersion:   Dev-VR (D7296918-1DD6-4BDD-9DE2-64A83CC13884): 2
LogDevObjectVersion:   Dev-LoadTimes (C2A15278-BFE7-4AFE-6C17-90FF531DF755): 1
LogDevObjectVersion:   Private-Geometry (6EACA3D4-40EC-4CC1-B786-8BED09428FC5): 3
LogDevObjectVersion:   Dev-AnimPhys (29E575DD-E0A3-4627-9D10-D276232CDCEA): 17
LogDevObjectVersion:   Dev-ReflectionCapture (6B266CEC-1EC7-4B8F-A30B-E4D90942FC07): 1
LogDevObjectVersion:   Dev-Automation (0DF73D61-A23F-47EA-B727-89E90C41499A): 1
LogDevObjectVersion:   FortniteMain (601D1886-AC64-4F84-AA16-D3DE0DEAC7D6): 12
LogDevObjectVersion:   Dev-Enterprise (9DFFBCD6-494F-0158-E221-12823C92A888): 1
LogStreaming: Display: Took  0.023s to delete old logs.
LogInit: Presizing for max 8388607 objects, including 0 objects not considered by GC, pre-allocating 0 bytes for permanent pool.
LogInit: Object subsystem initialized
[2018.09.19-12.12.30:656][  0]LogInit: Selected Device Profile: [Windows]
[2018.09.19-12.12.30:656][  0]LogInit: Applying CVar settings loaded from the selected device profile: [Windows]
[2018.09.19-12.12.30:676][  0]LogHAL: Display: Platform has ~ 8 GB [8469581824 / 8589934592 / 8], which maps to Default [LargestMinGB=32, LargerMinGB=12, DefaultMinGB=8, SmallerMinGB=6, SmallestMinGB=0)
[2018.09.19-12.12.30:676][  0]LogInit: Setting Device Profile CVar: [[r.Vulkan.UseRealUBs:1]]
[2018.09.19-12.12.30:676][  0]LogInit: Going up to parent DeviceProfile []
[2018.09.19-12.12.30:677][  0]LogInit: Computer: LAPTOP-MQ8DKORB
[2018.09.19-12.12.30:677][  0]LogInit: User: OmegaEternal
[2018.09.19-12.12.30:677][  0]LogInit: CPU Page size=4096, Cores=4
[2018.09.19-12.12.30:677][  0]LogInit: High frequency timer resolution =2.437498 MHz
[2018.09.19-12.12.30:677][  0]LogMemory: Memory total: Physical=7.9GB (8GB approx)
[2018.09.19-12.12.30:677][  0]LogMemory: Platform Memory Stats for Windows
[2018.09.19-12.12.30:677][  0]LogMemory: Process Physical Memory: 101.42 MB used, 101.42 MB peak
[2018.09.19-12.12.30:677][  0]LogMemory: Process Virtual Memory: 100.33 MB used, 100.33 MB peak
[2018.09.19-12.12.30:677][  0]LogMemory: Physical Memory: 5336.34 MB used,  2740.88 MB free, 8077.22 MB total
[2018.09.19-12.12.30:677][  0]LogMemory: Virtual Memory: 4636.33 MB used,  2740.88 MB free, 134217728.00 MB total
[2018.09.19-12.12.30:706][  0]LogInit: Using OS detected language (fr-FR).
[2018.09.19-12.12.30:706][  0]LogInit: Using OS detected locale (fr-FR).
[2018.09.19-12.12.30:707][  0]LogTextLocalizationManager: No specific localization for 'fr-FR' exists, so the 'fr' localization will be used.
[2018.09.19-12.12.30:708][  0]LogStreaming: Display: Took  0.003s to InitEngineTextLocalization.
[2018.09.19-12.12.30:708][  0]LogInit: Setting process to per monitor DPI aware
[2018.09.19-12.12.30:738][  0]LogSlate: New Slate User Created.  User Index 0, Is Virtual User: 0
[2018.09.19-12.12.30:738][  0]LogSlate: Slate User Registered.  User Index 0, Is Virtual User: 0
[2018.09.19-12.12.31:014][  0]LogHMD: Failed to initialize OpenVR with code 110
[2018.09.19-12.12.31:014][  0]LogD3D11RHI: D3D11 adapters:
[2018.09.19-12.12.31:099][  0]LogD3D11RHI:    0. 'NVIDIA GeForce GTX 1050' (Feature Level 11_0)
[2018.09.19-12.12.31:099][  0]LogD3D11RHI:       1977/0/4038 MB DedicatedVideo/DedicatedSystem/SharedSystem, Outputs:1, VendorId:0x10de
[2018.09.19-12.12.31:110][  0]LogD3D11RHI:    1. 'Intel(R) HD Graphics 630' (Feature Level 11_0)
[2018.09.19-12.12.31:110][  0]LogD3D11RHI:       128/0/4038 MB DedicatedVideo/DedicatedSystem/SharedSystem, Outputs:0, VendorId:0x8086
[2018.09.19-12.12.31:112][  0]LogD3D11RHI:    2. 'Microsoft Basic Render Driver' (Feature Level 11_0)
[2018.09.19-12.12.31:112][  0]LogD3D11RHI:       0/0/4038 MB DedicatedVideo/DedicatedSystem/SharedSystem, Outputs:0, VendorId:0x1414
[2018.09.19-12.12.31:112][  0]LogD3D11RHI: Chosen D3D11 Adapter: 0
[2018.09.19-12.12.31:137][  0]LogD3D11RHI: Creating new Direct3DDevice
[2018.09.19-12.12.31:138][  0]LogD3D11RHI:     GPU DeviceId: 0x1c8d (for the marketing name, search the web for "GPU Device Id")
[2018.09.19-12.12.31:138][  0]LogWindows: EnumDisplayDevices:
[2018.09.19-12.12.31:138][  0]LogWindows:    0. 'Intel(R) HD Graphics 630' (P:1 D:1)
[2018.09.19-12.12.31:138][  0]LogWindows:    1. 'Intel(R) HD Graphics 630' (P:0 D:0)
[2018.09.19-12.12.31:138][  0]LogWindows:    2. 'Intel(R) HD Graphics 630' (P:0 D:0)
[2018.09.19-12.12.31:139][  0]LogWindows:    3. 'NVIDIA GeForce GTX 1050' (P:0 D:0)
[2018.09.19-12.12.31:139][  0]LogWindows: DebugString: PrimaryIsNotTheChoosenAdapter PrimaryIsNotTheChoosenAdapter PrimaryIsNotTheChoosenAdapter 
[2018.09.19-12.12.31:139][  0]LogD3D11RHI:     Adapter Name: NVIDIA GeForce GTX 1050
[2018.09.19-12.12.31:139][  0]LogD3D11RHI:   Driver Version: 399.24 (internal:24.21.13.9924, unified:399.24)
[2018.09.19-12.12.31:139][  0]LogD3D11RHI:      Driver Date: 9-5-2018
[2018.09.19-12.12.31:139][  0]LogRHI: Texture pool is 1384 MB (70% of 1977 MB)
[2018.09.19-12.12.31:192][  0]LogD3D11RHI: Async texture creation enabled
[2018.09.19-12.12.31:245][  0]LogD3D11RHI: GPU Timing Frequency: 1000.000000 (Debug: 2 2)
[2018.09.19-12.12.31:246][  0]LogShaderCompilers: Guid format shader working directory is 11 characters bigger than the processId version (../../../../../../Documents/GitHub/RunGame/Intermediate/Shaders/WorkingDirectory/18184/).
[2018.09.19-12.12.31:246][  0]LogShaderCompilers: Cleaned the shader compiler working directory 'C:/Users/Omega Eternal/AppData/Local/Temp/UnrealShaderWorkingDir/9FEC64564319D87C618AF088FF996DA6/'.
[2018.09.19-12.12.31:629][  0]LogTemp: Display: Loaded TP AllDesktopTargetPlatform
[2018.09.19-12.12.31:648][  0]LogTemp: Display: Loaded TP MacClientTargetPlatform
[2018.09.19-12.12.31:665][  0]LogTemp: Display: Loaded TP MacNoEditorTargetPlatform
[2018.09.19-12.12.31:685][  0]LogTemp: Display: Loaded TP MacServerTargetPlatform
[2018.09.19-12.12.31:704][  0]LogTemp: Display: Loaded TP MacTargetPlatform
[2018.09.19-12.12.31:723][  0]LogTemp: Display: Loaded TP WindowsClientTargetPlatform
[2018.09.19-12.12.31:743][  0]LogTemp: Display: Loaded TP WindowsNoEditorTargetPlatform
[2018.09.19-12.12.31:763][  0]LogTemp: Display: Loaded TP WindowsServerTargetPlatform
[2018.09.19-12.12.31:773][  0]LogTemp: Display: Loaded TP WindowsTargetPlatform
[2018.09.19-12.12.31:893][  0]LogTemp: Display: Loaded TP AndroidTargetPlatform
[2018.09.19-12.12.31:893][  0]LogTemp: Display: Loaded TP AndroidTargetPlatform
[2018.09.19-12.12.31:893][  0]LogTemp: Display: Loaded TP AndroidTargetPlatform
[2018.09.19-12.12.31:893][  0]LogTemp: Display: Loaded TP AndroidTargetPlatform
[2018.09.19-12.12.31:893][  0]LogTemp: Display: Loaded TP AndroidTargetPlatform
[2018.09.19-12.12.31:893][  0]LogTemp: Display: Loaded TP AndroidTargetPlatform
[2018.09.19-12.12.31:893][  0]LogTemp: Display: Loaded TP AndroidTargetPlatform
[2018.09.19-12.12.31:893][  0]LogTemp: Display: Loaded TP AndroidTargetPlatform
[2018.09.19-12.12.31:893][  0]LogTemp: Display: Loaded TP AndroidTargetPlatform
[2018.09.19-12.12.31:893][  0]LogTemp: Display: Loaded TP AndroidTargetPlatform
[2018.09.19-12.12.31:893][  0]LogTemp: Display: Loaded TP AndroidTargetPlatform
[2018.09.19-12.12.31:893][  0]LogTemp: Display: Loaded TP AndroidTargetPlatform
[2018.09.19-12.12.31:893][  0]LogTemp: Display: Loaded TP AndroidTargetPlatform
[2018.09.19-12.12.31:893][  0]LogTemp: Display: Loaded TP AndroidTargetPlatform
[2018.09.19-12.12.31:893][  0]LogTemp: Display: Loaded TP AndroidTargetPlatform
[2018.09.19-12.12.31:893][  0]LogTemp: Display: Loaded TP AndroidTargetPlatform
[2018.09.19-12.12.31:893][  0]LogTemp: Display: Loaded TP AndroidTargetPlatform
[2018.09.19-12.12.31:893][  0]LogTemp: Display: Loaded TP AndroidTargetPlatform
[2018.09.19-12.12.31:894][  0]LogTemp: Display: Loaded TP HTML5TargetPlatform
[2018.09.19-12.12.31:965][  0]LogTemp: Display: Loaded TP IOSTargetPlatform
[2018.09.19-12.12.31:965][  0]LogTemp: Display: Loaded TP IOSTargetPlatform
[2018.09.19-12.12.31:998][  0]LogTemp: Display: Loaded TP TVOSTargetPlatform
[2018.09.19-12.12.31:998][  0]LogTemp: Display: Loaded TP TVOSTargetPlatform
[2018.09.19-12.12.32:014][  0]LogTemp: Display: Loaded TP LinuxClientTargetPlatform
[2018.09.19-12.12.32:032][  0]LogTemp: Display: Loaded TP LinuxNoEditorTargetPlatform
[2018.09.19-12.12.32:048][  0]LogTemp: Display: Loaded TP LinuxServerTargetPlatform
[2018.09.19-12.12.32:066][  0]LogTemp: Display: Loaded TP LinuxTargetPlatform
[2018.09.19-12.12.32:080][  0]LogTemp: Display: Loaded TP LuminTargetPlatform
[2018.09.19-12.12.32:080][  0]LogTargetPlatformManager: Display: Building Assets For Windows
[2018.09.19-12.12.32:139][  0]LogXGEController: Cleaning working directory: C:/Users/Omega Eternal/AppData/Local/Temp/UnrealXGEWorkingDir/
[2018.09.19-12.12.32:139][  0]LogXGEController: Cannot use XGE Controller as Incredibuild is not installed on this machine.
[2018.09.19-12.12.32:139][  0]LogShaderCompilers: Cannot use XGE Shader Compiler as Incredibuild is not installed on this machine.
[2018.09.19-12.12.32:139][  0]LogShaderCompilers: Display: Using Local Shader Compiler.
[2018.09.19-12.12.33:115][  0]LogDerivedDataCache: Display: Max Cache Size: 512 MB
[2018.09.19-12.12.33:185][  0]LogDerivedDataCache: Loaded boot cache 0.07s 71MB C:/Users/Omega Eternal/AppData/Local/UnrealEngine/4.20/DerivedDataCache/Boot.ddc.
[2018.09.19-12.12.33:185][  0]LogDerivedDataCache: Display: Loaded Boot cache: C:/Users/Omega Eternal/AppData/Local/UnrealEngine/4.20/DerivedDataCache/Boot.ddc
[2018.09.19-12.12.33:185][  0]LogDerivedDataCache: FDerivedDataBackendGraph:  Pak pak cache file ../../../../../../Documents/GitHub/RunGame/DerivedDataCache/DDC.ddp not found, will not use a pak cache.
[2018.09.19-12.12.33:185][  0]LogDerivedDataCache: Unable to find inner node Pak for hierarchical cache Hierarchy.
[2018.09.19-12.12.33:185][  0]LogDerivedDataCache: FDerivedDataBackendGraph:  CompressedPak pak cache file ../../../../../../Documents/GitHub/RunGame/DerivedDataCache/Compressed.ddp not found, will not use a pak cache.
[2018.09.19-12.12.33:185][  0]LogDerivedDataCache: Unable to find inner node CompressedPak for hierarchical cache Hierarchy.
[2018.09.19-12.12.33:209][  0]LogDerivedDataCache: Display: Pak cache opened for reading ../../../Engine/DerivedDataCache/Compressed.ddp.
[2018.09.19-12.12.33:222][  0]LogDerivedDataCache: Using Local data cache path C:/Users/Omega Eternal/AppData/Local/UnrealEngine/Common/DerivedDataCache: Writable
[2018.09.19-12.12.33:222][  0]LogDerivedDataCache: Shared data cache path not found in *engine.ini, will not use an Shared cache.
[2018.09.19-12.12.33:222][  0]LogDerivedDataCache: Unable to find inner node Shared for hierarchical cache Hierarchy.
[2018.09.19-12.12.33:252][  0]LogMaterial: Verifying Global Shaders for PCD3D_SM5
[2018.09.19-12.12.33:254][  0]LogSlate: Using FreeType 2.6.0
[2018.09.19-12.12.33:255][  0]LogSlate: SlateFontServices - WITH_FREETYPE: 1, WITH_HARFBUZZ: 1
[2018.09.19-12.12.33:346][  0]LogAssetRegistry: FAssetRegistry took 0.0292 seconds to start up
[2018.09.19-12.12.33:783][  0]LogInit: Selected Device Profile: [Windows]
[2018.09.19-12.12.33:958][  0]LogSimplygon: Simplygon DLL not present - disabling.
[2018.09.19-12.12.33:961][  0]LogMeshReduction: Using SimplygonSwarm for distributed automatic mesh merging
[2018.09.19-12.12.33:961][  0]LogMeshReduction: Using ProxyLODMeshReduction for automatic mesh merging
[2018.09.19-12.12.33:961][  0]LogMeshReduction: Using QuadricMeshReduction for automatic static mesh reduction
[2018.09.19-12.12.33:961][  0]LogMeshReduction: No automatic skeletal mesh reduction module available
[2018.09.19-12.12.33:988][  0]LogNetVersion: RunGame 1.0.0, NetCL: 4212847, EngineNetVer: 5, GameNetVer: 0 (Checksum: 2820691354)
[2018.09.19-12.12.34:736][  0]LogPackageLocalizationCache: Processed 11 localized package path(s) for 2 prioritized culture(s) in 0.127534 seconds
[2018.09.19-12.12.34:745][  0]LogUObjectArray: 38426 objects as part of root set at end of initial load.
[2018.09.19-12.12.34:745][  0]LogUObjectAllocator: 6691088 out of 0 bytes used by permanent object pool.
[2018.09.19-12.12.34:745][  0]LogUObjectArray: CloseDisregardForGC: 0/0 objects in disregard for GC pool
[2018.09.19-12.12.35:946][  0]LogTcpMessaging: Initializing TcpMessaging bridge
[2018.09.19-12.12.35:961][  0]LogUdpMessaging: Initializing bridge on interface 0.0.0.0:0 to multicast group 230.0.0.1:6666.
[2018.09.19-12.12.36:142][  0]SourceControl: Source control is disabled
[2018.09.19-12.12.36:143][  0]SourceControl: Source control is disabled
[2018.09.19-12.12.36:144][  0]SourceControl: Source control is disabled
[2018.09.19-12.12.36:145][  0]SourceControl: Source control is disabled
[2018.09.19-12.12.36:337][  0]LogAndroidPermission: UAndroidPermissionCallbackProxy::GetInstance
[2018.09.19-12.12.36:437][  0]LogOcInput: OculusInput pre-init called
[2018.09.19-12.12.36:527][  0]LogEngine: Initializing Engine...
[2018.09.19-12.12.36:528][  0]LogHMD: Failed to initialize OpenVR with code 110
[2018.09.19-12.12.36:529][  0]LogStats: UGameplayTagsManager::ConstructGameplayTagTree: ImportINI prefixes -  0.000 s
[2018.09.19-12.12.36:529][  0]LogStats: UGameplayTagsManager::ConstructGameplayTagTree: Construct from data asset -  0.000 s
[2018.09.19-12.12.36:529][  0]LogStats: UGameplayTagsManager::ConstructGameplayTagTree: ImportINI -  0.000 s
[2018.09.19-12.12.36:529][  0]LogStats: UGameplayTagsManager::ConstructGameplayTagTree: GameplayTagTreeChangedEvent.Broadcast -  0.000 s
[2018.09.19-12.12.36:814][  0]LogInit: Initializing FReadOnlyCVARCache
[2018.09.19-12.12.36:827][  0]LogAIModule: Creating AISystem for world Untitled
[2018.09.19-12.12.36:915][  0]LogInit: XAudio2 using 'Realtek HD Audio 2nd output (Realtek High Definition Audio)' : 2 channels at 48 kHz using 32 bits per sample (channel mask 0x3)
[2018.09.19-12.12.36:939][  0]LogInit: FAudioDevice initialized.
[2018.09.19-12.12.36:939][  0]LogNetVersion: Set ProjectVersion to 1.0.0.0. Version Checksum will be recalculated on next use.
[2018.09.19-12.12.37:062][  0]LogDerivedDataCache: Saved boot cache 0.12s 71MB C:/Users/Omega Eternal/AppData/Local/UnrealEngine/4.20/DerivedDataCache/Boot.ddc.
[2018.09.19-12.12.37:074][  0]LogInit: Texture streaming: Enabled
[2018.09.19-12.12.37:094][  0]LogEngineSessionManager: EngineSessionManager initialized
[2018.09.19-12.12.37:110][  0]LogInit: Transaction tracking system initialized
[2018.09.19-12.12.37:130][  0]BlueprintLog: New page: Editor Load
[2018.09.19-12.12.37:214][  0]LocalizationService: Localization service is disabled
[2018.09.19-12.12.37:555][  0]LogCook: Display: Max memory allowance for cook 16384mb min free memory 0mb
[2018.09.19-12.12.37:555][  0]LogCook: Display: Mobile HDR setting 1
[2018.09.19-12.12.37:555][  0]LogGameplayTags: Display: UGameplayTagsManager::DoneAddingNativeTags. DelegateIsBound: 0
[2018.09.19-12.12.37:555][  0]LogStats: UGameplayTagsManager::ConstructGameplayTagTree: ImportINI prefixes -  0.000 s
[2018.09.19-12.12.37:555][  0]LogStats: UGameplayTagsManager::ConstructGameplayTagTree: Construct from data asset -  0.000 s
[2018.09.19-12.12.37:555][  0]LogStats: UGameplayTagsManager::ConstructGameplayTagTree: ImportINI -  0.000 s
[2018.09.19-12.12.37:555][  0]LogStats: UGameplayTagsManager::ConstructGameplayTagTree: GameplayTagTreeChangedEvent.Broadcast -  0.000 s
[2018.09.19-12.12.37:563][  0]LogFileCache: Scanning file cache for directory 'D:/Documents/GitHub/RunGame/Content/' took 0.02s
[2018.09.19-12.12.37:691][  0]SourceControl: Source control is disabled
[2018.09.19-12.12.37:691][  0]Cmd: MAP LOAD FILE="../../../../../../Documents/GitHub/RunGame/Content/ThirdPersonBP/Maps/MainMenu.umap" TEMPLATE=0 SHOWPROGRESS=1 FEATURELEVEL=3
[2018.09.19-12.12.37:691][  0]LightingResults: New page: Lighting Build
[2018.09.19-12.12.37:693][  0]MapCheck: New page: Map Check
[2018.09.19-12.12.37:693][  0]LightingResults: New page: Lighting Build
[2018.09.19-12.12.37:913][  0]LogAIModule: Creating AISystem for world MainMenu
[2018.09.19-12.12.37:914][  0]LogEditorServer: Finished looking for orphan Actors (0.000 secs)
[2018.09.19-12.12.37:939][  0]Cmd: MAP CHECKDEP NOCLEARLOG
[2018.09.19-12.12.37:991][  0]MapCheck: Map check complete: 0 Error(s), 0 Warning(s), took 51,205ms to complete.
[2018.09.19-12.12.37:991][  0]LogFileHelpers: Loading map 'MainMenu' took 0.301
[2018.09.19-12.12.38:112][  0]LogSlate: Updating window title bar state: overlay mode, drag disabled, window buttons hidden, title bar hidden
[2018.09.19-12.12.38:127][  0]LogSlate: Updating window title bar state: overlay mode, drag disabled, window buttons hidden, title bar hidden
[2018.09.19-12.12.38:141][  0]LogSlate: Updating window title bar state: overlay mode, drag disabled, window buttons hidden, title bar hidden
[2018.09.19-12.12.38:153][  0]LogSlate: Updating window title bar state: overlay mode, drag disabled, window buttons hidden, title bar hidden
[2018.09.19-12.12.38:159][  0]LogCollectionManager: Loaded 0 collections in 0.001104 seconds
[2018.09.19-12.12.38:202][  0]LogFileCache: Scanning file cache for directory 'D:/Documents/GitHub/RunGame/Saved/Collections/' took 0.01s
[2018.09.19-12.12.38:202][  0]LogFileCache: Scanning file cache for directory 'D:/Documents/GitHub/RunGame/Content/Developers/OmegaEternal/Collections/' took 0.01s
[2018.09.19-12.12.38:202][  0]LogFileCache: Scanning file cache for directory 'D:/Documents/GitHub/RunGame/Content/Collections/' took 0.01s
[2018.09.19-12.12.38:202][  0]LogCollectionManager: Rebuilt the GUID cache for 0 collections in 0.000000 seconds
[2018.09.19-12.12.38:214][  0]LogContentBrowser: Native class hierarchy populated in 0.0117 seconds. Added 2572 classes and 603 folders.
[2018.09.19-12.12.38:222][  0]LogContentBrowser: Native class hierarchy updated for 'WidgetCarousel' in 0.0007 seconds. Added 0 classes and 0 folders.
[2018.09.19-12.12.38:267][  0]LogContentBrowser: Native class hierarchy updated for 'AddContentDialog' in 0.0003 seconds. Added 0 classes and 0 folders.
[2018.09.19-12.12.38:272][  0]LogContentBrowser: Native class hierarchy updated for 'SceneOutliner' in 0.0003 seconds. Added 1 classes and 2 folders.
[2018.09.19-12.12.39:864][  0]LogSlate: Only BGRA pngs, bmps or icos are supported in by External Image Picker
[2018.09.19-12.12.39:901][  0]LogSlate: Took 0.000275 seconds to synchronously load lazily loaded font '../../../Engine/Content/Slate/Fonts/Roboto-Regular.ttf' (155K)
[2018.09.19-12.12.39:904][  0]LogSlate: Took 0.000203 seconds to synchronously load lazily loaded font '../../../Engine/Content/Slate/Fonts/Roboto-Bold.ttf' (160K)
[2018.09.19-12.12.39:924][  0]LogSlate: Took 0.000233 seconds to synchronously load lazily loaded font '../../../Engine/Content/Editor/Slate/Fonts/FontAwesome.ttf' (139K)
[2018.09.19-12.12.40:053][  0]LogTemp: Executing iPhonePackager certificates Engine -bundlename com.YourCompany.RunGame
[2018.09.19-12.12.40:053][  0]LogTemp: CWD: D:\Epic\Epic Games\UE_4.20\Engine\Binaries\DotNET\IOS
[2018.09.19-12.12.40:053][  0]LogTemp: Initial Dir: D:\Epic\Epic Games\UE_4.20
[2018.09.19-12.12.40:053][  0]LogTemp: Env CWD: D:\Epic\Epic Games\UE_4.20\Engine\Binaries\DotNET\IOS
[2018.09.19-12.12.40:053][  0]LogTemp: BranchPath = LAPTOP-MQ8DKORB/D/Epic/Epic Games/UE_4.20/Engine/Binaries --- GameBranchPath = LAPTOP-MQ8DKORB/D/Epic/Epic Games/UE_4.20/Engine/Binaries
[2018.09.19-12.12.40:053][  0]LogTemp: IPP ERROR: Could not find provision directory 'C:\Users\Omega Eternal\AppData\Local/Apple Computer/MobileDevice/Provisioning Profiles/'.
[2018.09.19-12.12.40:053][  0]LogRenderer: Reallocating scene render targets to support 1168x576 Format 10 NumSamples 1 (Frame:1).
[2018.09.19-12.12.40:237][  0]LogContentBrowser: Native class hierarchy updated for 'HierarchicalLODOutliner' in 0.0003 seconds. Added 0 classes and 0 folders.
[2018.09.19-12.12.40:238][  0]LogLoad: (Engine Initialization) Total time: 11.19 seconds
[2018.09.19-12.12.40:238][  0]LogLoad: (Engine Initialization) Total Blueprint compile time: 0.00 seconds
[2018.09.19-12.12.40:290][  0]LogContentStreaming: Texture pool size now 3000 MB
[2018.09.19-12.12.40:315][  0]LogSlate: Took 0.000318 seconds to synchronously load lazily loaded font '../../../Engine/Content/Slate/Fonts/Roboto-Light.ttf' (167K)
[2018.09.19-12.12.40:414][  3]LogAssetRegistry: Asset discovery search completed in 7.0902 seconds
[2018.09.19-12.12.40:419][  3]LogCollectionManager: Rebuilt the object cache for 0 collections in 0.000000 seconds (found 0 objects)
[2018.09.19-12.12.40:419][  3]LogCollectionManager: Fixed up redirectors for 0 collections in 0.000083 seconds (updated 0 objects)
[2018.09.19-12.12.41:806][  8]LogSlate: FSceneViewport::OnFocusLost() reason 0
[2018.09.19-12.12.57:001][613]LogSlate: Took 0.000222 seconds to synchronously load lazily loaded font '../../../Engine/Content/Slate/Fonts/Roboto-Light.ttf' (167K)
[2018.09.19-12.13.08:431][613]LogAIModule: Creating AISystem for world Hub
[2018.09.19-12.13.08:556][613]LogAssetEditorManager: Opening Asset editor for World /Game/ThirdPersonBP/Maps/Hub.Hub
[2018.09.19-12.13.08:618][613]Cmd: MAP LOAD FILE="../../../../../../Documents/GitHub/RunGame/Content/ThirdPersonBP/Maps/Hub.umap" TEMPLATE=0 SHOWPROGRESS=1 FEATURELEVEL=3
[2018.09.19-12.13.08:618][613]LightingResults: New page: Lighting Build
[2018.09.19-12.13.08:619][613]LoadErrors: New page: Loading map: Hub.umap
[2018.09.19-12.13.08:619][613]MapCheck: New page: Map Check
[2018.09.19-12.13.08:620][613]LightingResults: New page: Lighting Build
[2018.09.19-12.13.08:916][613]LogEditorServer: Finished looking for orphan Actors (0.000 secs)
[2018.09.19-12.13.09:005][613]Cmd: MAP CHECKDEP NOCLEARLOG
[2018.09.19-12.13.09:114][613]MapCheck: Map check complete: 0 Error(s), 0 Warning(s), took 109,634ms to complete.
[2018.09.19-12.13.09:116][613]LogFileHelpers: Loading map 'Hub' took 0.499
[2018.09.19-12.13.29:824][101]LogSlate: FSceneViewport::OnFocusLost() reason 0
[2018.09.19-12.13.29:891][103]LogTemp: Repeating last play command: New Editor Window (PIE)
[2018.09.19-12.13.29:943][103]LogPlayLevel: PlayLevel: No blueprints needed recompiling
[2018.09.19-12.13.29:968][103]LogModuleManager: Warning: ModuleManager: Unable to load module 'OnlineSubsystemSteam'  - 0 instances of that module name found.
[2018.09.19-12.13.29:981][103]PIE: New page: PIE session: Hub (19 sept. 2018 16:13:29)
[2018.09.19-12.13.29:982][103]LogPlayLevel: Creating play world package: /Game/ThirdPersonBP/Maps/UEDPIE_0_Hub
[2018.09.19-12.13.30:184][103]LogPlayLevel: PIE: StaticDuplicateObject took: (0.202342s)
[2018.09.19-12.13.30:185][103]LogAIModule: Creating AISystem for world Hub
[2018.09.19-12.13.30:186][103]LogPlayLevel: PIE: World Init took: (0.002003s)
[2018.09.19-12.13.30:187][103]LogPlayLevel: PIE: Created PIE world by copying editor world from /Game/ThirdPersonBP/Maps/Hub.Hub to /Game/ThirdPersonBP/Maps/UEDPIE_0_Hub.Hub (0.205235s)
[2018.09.19-12.13.30:226][103]LogInit: XAudio2 using 'Realtek HD Audio 2nd output (Realtek High Definition Audio)' : 2 channels at 48 kHz using 32 bits per sample (channel mask 0x3)
[2018.09.19-12.13.30:243][103]LogInit: FAudioDevice initialized.
[2018.09.19-12.13.30:266][103]LogSlate: Updating window title bar state: overlay mode, drag disabled, window buttons hidden, title bar hidden
[2018.09.19-12.13.30:714][103]LogLoad: Game class is 'ThirdPersonGameMode_C'
[2018.09.19-12.13.30:735][103]LogWorld: Bringing World /Game/ThirdPersonBP/Maps/UEDPIE_0_Hub.Hub up for play (max tick rate 60) at 2018.09.19-14.13.30
[2018.09.19-12.13.30:738][103]LogWorld: Bringing up level for play took: 0.022842
[2018.09.19-12.13.30:758][103]LogContentBrowser: Native class hierarchy updated for 'MovieSceneCapture' in 0.0004 seconds. Added 10 classes and 0 folders.
[2018.09.19-12.13.30:766][103]PIE: Play in editor start time for /Game/ThirdPersonBP/Maps/UEDPIE_0_Hub 0,779
[2018.09.19-12.13.30:885][103]LogRenderer: Reallocating scene render targets to support 1292x756 Format 10 NumSamples 1 (Frame:1).
[2018.09.19-12.13.31:014][104]LogCharacterMovement: Warning: GetSimulationTimeStep() - Max iterations 8 hit while remaining time 0.084984 > MaxSimulationTimeStep (0.050) for 'Vm_C_0', movement 'Walking'
[2018.09.19-12.13.46:114][522]LogSlate: Updating window title bar state: overlay mode, drag disabled, window buttons hidden, title bar hidden
[2018.09.19-12.13.46:175][522]LogSlate: Window 'RunGame Game Preview Standalone (64-bit/PCD3D_SM5)' being destroyed
[2018.09.19-12.13.46:268][522]LogPlayLevel: Display: Shutting down PIE online subsystems
[2018.09.19-12.13.46:512][523]LogPlayLevel: Display: Destroying online subsystem :Context_2
[2018.09.19-12.13.53:752][806]LogEditorViewport: Clicking on Actor (context menu): StaticMeshActor (SkySphere)
[2018.09.19-12.13.54:397][806]LogSlate: FSceneViewport::OnFocusLost() reason 2
[2018.09.19-12.14.09:219][389]LogEditorViewport: Clicking on Actor (LMB): StaticMeshActor (Cube2)
[2018.09.19-12.14.15:717][625]LogSlate: FSceneViewport::OnFocusLost() reason 0
[2018.09.19-12.14.30:715][148]LogSlate: FSceneViewport::OnFocusLost() reason 0
[2018.09.19-12.14.45:289][730]LogSlate: FSceneViewport::OnFocusLost() reason 0
[2018.09.19-12.15.12:114][829]LogSlate: FSceneViewport::OnFocusLost() reason 0
[2018.09.19-12.15.26:554][286]LogSlate: FSceneViewport::OnFocusLost() reason 0
[2018.09.19-12.15.36:739][470]LogD3D11RHI: Error: Result failed 
 at D:\Build\++UE4\Sync\Engine\Source\Runtime\Windows\D3D11RHI\Private\D3D11Query.cpp:146 
 with error DXGI_ERROR_DEVICE_REMOVED DXGI_ERROR_DEVICE_HUNG
[2018.09.19-12.15.36:740][470]LogD3D11RHI: [Aftermath] GDynamicRHI=0000021D640DC0C0, GDX11NVAfterMathEnabled=0, Result=0xFFFFFFFF, bDeviceActive=0
[2018.09.19-12.15.36:740][470]LogWindows: Windows GetLastError: L’opération a réussi. (0)
[2018.09.19-12.15.46:040][470]LogWindows: Windows GetLastError: L’opération a réussi. (0)
[2018.09.19-12.15.46:140][470]LogWindows: Error: === Critical error: ===
[2018.09.19-12.15.46:140][470]LogWindows: Error: 
[2018.09.19-12.15.46:140][470]LogWindows: Error: Fatal error: [File:D:\Build\++UE4\Sync\Engine\Source\Runtime\RenderCore\Private\RenderingThread.cpp] [Line: 826] 
[2018.09.19-12.15.46:140][470]LogWindows: Error: Rendering thread exception:
[2018.09.19-12.15.46:140][470]LogWindows: Error: Fatal error: [File:D:\Build\++UE4\Sync\Engine\Source\Runtime\Windows\D3D11RHI\Private\D3D11Util.cpp] [Line: 200] 
[2018.09.19-12.15.46:140][470]LogWindows: Error: Unreal Engine is exiting due to D3D device being lost. (Error: 0x887A0006 - 'HUNG')
[2018.09.19-12.15.46:140][470]LogWindows: Error: 
[2018.09.19-12.15.46:140][470]LogWindows: Error: 
[2018.09.19-12.15.46:140][470]LogWindows: Error: [Callstack] 0x00007ffe59d5a388 KERNELBASE.dll!UnknownFunction []
[2018.09.19-12.15.46:140][470]LogWindows: Error: [Callstack] 0x00007ffe3c616850 UE4Editor-ApplicationCore.dll!UnknownFunction []
[2018.09.19-12.15.46:140][470]LogWindows: Error: [Callstack] 0x00007ffdf32b62ec UE4Editor-Core.dll!UnknownFunction []
[2018.09.19-12.15.46:140][470]LogWindows: Error: [Callstack] 0x00007ffdf32451cb UE4Editor-Core.dll!UnknownFunction []
[2018.09.19-12.15.46:140][470]LogWindows: Error: [Callstack] 0x00007ffddeddadea UE4Editor-D3D11RHI.dll!UnknownFunction []
[2018.09.19-12.15.46:140][470]LogWindows: Error: [Callstack] 0x00007ffddedde6e4 UE4Editor-D3D11RHI.dll!UnknownFunction []
[2018.09.19-12.15.46:140][470]LogWindows: Error: [Callstack] 0x00007ffddedb5951 UE4Editor-D3D11RHI.dll!UnknownFunction []
[2018.09.19-12.15.46:140][470]LogWindows: Error: [Callstack] 0x00007ffddedcabf8 UE4Editor-D3D11RHI.dll!UnknownFunction []
[2018.09.19-12.15.46:140][470]LogWindows: Error: [Callstack] 0x00007ffe3c6ab106 UE4Editor-RHI.dll!UnknownFunction []
[2018.09.19-12.15.46:140][470]LogWindows: Error: [Callstack] 0x00007ffddeb41b42 UE4Editor-SlateRHIRenderer.dll!UnknownFunction []
[2018.09.19-12.15.46:140][470]LogWindows: Error: [Callstack] 0x00007ffddeb47d0a UE4Editor-SlateRHIRenderer.dll!UnknownFunction []
[2018.09.19-12.15.46:140][470]LogWindows: Error: [Callstack] 0x00007ffdf30d1f92 UE4Editor-Core.dll!UnknownFunction []
[2018.09.19-12.15.46:140][470]LogWindows: Error: [Callstack] 0x00007ffdf30d2456 UE4Editor-Core.dll!UnknownFunction []
[2018.09.19-12.15.46:140][470]LogWindows: Error: [Callstack] 0x00007ffe3c7b75f9 UE4Editor-RenderCore.dll!UnknownFunction []
[2018.09.19-12.15.46:140][470]LogWindows: Error: [Callstack] 0x00007ffe3c7b8574 UE4Editor-RenderCore.dll!UnknownFunction []
[2018.09.19-12.15.46:140][470]LogWindows: Error: [Callstack] 0x00007ffdf3516abc UE4Editor-Core.dll!UnknownFunction []
[2018.09.19-12.15.46:140][470]LogWindows: Error: [Callstack] 0x00007ffdf3511707 UE4Editor-Core.dll!UnknownFunction []
[2018.09.19-12.15.46:140][470]LogWindows: Error: [Callstack] 0x00007ffe5c8d3034 KERNEL32.DLL!UnknownFunction []
[2018.09.19-12.15.46:140][470]LogWindows: Error: [Callstack] 0x00007ffe5d011461 ntdll.dll!UnknownFunction []
[2018.09.19-12.15.46:140][470]LogWindows: Error: 
[2018.09.19-12.15.46:140][470]LogWindows: Error: 
[2018.09.19-12.15.46:140][470]LogWindows: Error: 
[2018.09.19-12.15.46:140][470]LogWindows: Error: 
[2018.09.19-12.15.46:167][470]LogExit: Executing StaticShutdownAfterError
[2018.09.19-12.15.46:726][470]LogWindows: FPlatformMisc::RequestExit(1)
[2018.09.19-12.15.46:946][470]Log file closed, 09/19/18 14:15:46
